<?xml version="1.0" encoding="UTF-8"?>
<testng-results skipped="0" failed="1" ignored="0" total="4" passed="3">
  <reporter-output>
  </reporter-output>
  <suite name="Default suite" duration-ms="108" started-at="2017-03-10T20:05:28Z" finished-at="2017-03-10T20:05:28Z">
    <groups>
    </groups>
    <test name="Default test" duration-ms="108" started-at="2017-03-10T20:05:28Z" finished-at="2017-03-10T20:05:28Z">
      <class name="GameTesting">
        <test-method status="FAIL" signature="testGetGame(java.lang.String)[pri:0, instance:GameTesting@b97c004]" name="testGetGame" duration-ms="43" started-at="2017-03-10T22:05:28Z" data-provider="testCases_2" finished-at="2017-03-10T22:05:28Z">
          <params>
            <param index="0">
              <value>
                <![CDATA[Game1234]]>
              </value>
            </param>
          </params>
          <exception class="junit.framework.AssertionFailedError">
            <full-stacktrace>
              <![CDATA[junit.framework.AssertionFailedError
	at junit.framework.Assert.fail(Assert.java:55)
	at junit.framework.Assert.assertTrue(Assert.java:22)
	at junit.framework.Assert.assertNotNull(Assert.java:256)
	at junit.framework.Assert.assertNotNull(Assert.java:248)
	at GameTesting.testGetGame(GameTesting.java:48)
	at sun.reflect.NativeMethodAccessorImpl.invoke0(Native Method)
	at sun.reflect.NativeMethodAccessorImpl.invoke(NativeMethodAccessorImpl.java:62)
	at sun.reflect.DelegatingMethodAccessorImpl.invoke(DelegatingMethodAccessorImpl.java:43)
	at java.lang.reflect.Method.invoke(Method.java:497)
	at org.testng.internal.MethodInvocationHelper.invokeMethod(MethodInvocationHelper.java:108)
	at org.testng.internal.Invoker.invokeMethod(Invoker.java:661)
	at org.testng.internal.Invoker.invokeTestMethod(Invoker.java:869)
	at org.testng.internal.Invoker.invokeTestMethods(Invoker.java:1193)
	at org.testng.internal.TestMethodWorker.invokeTestMethods(TestMethodWorker.java:126)
	at org.testng.internal.TestMethodWorker.run(TestMethodWorker.java:109)
	at org.testng.TestRunner.privateRun(TestRunner.java:744)
	at org.testng.TestRunner.run(TestRunner.java:602)
	at org.testng.SuiteRunner.runTest(SuiteRunner.java:380)
	at org.testng.SuiteRunner.runSequentially(SuiteRunner.java:375)
	at org.testng.SuiteRunner.privateRun(SuiteRunner.java:340)
	at org.testng.SuiteRunner.run(SuiteRunner.java:289)
	at org.testng.SuiteRunnerWorker.runSuite(SuiteRunnerWorker.java:52)
	at org.testng.SuiteRunnerWorker.run(SuiteRunnerWorker.java:86)
	at org.testng.TestNG.runSuitesSequentially(TestNG.java:1301)
	at org.testng.TestNG.runSuitesLocally(TestNG.java:1226)
	at org.testng.TestNG.runSuites(TestNG.java:1144)
	at org.testng.TestNG.run(TestNG.java:1115)
	at org.testng.remote.AbstractRemoteTestNG.run(AbstractRemoteTestNG.java:132)
	at org.testng.remote.RemoteTestNG.initAndRun(RemoteTestNG.java:230)
	at org.testng.remote.RemoteTestNG.main(RemoteTestNG.java:76)
]]>
            </full-stacktrace>
          </exception> <!-- junit.framework.AssertionFailedError -->
          <reporter-output>
          </reporter-output>
        </test-method> <!-- testGetGame -->
        <test-method status="PASS" signature="testGetGame(java.lang.String)[pri:0, instance:GameTesting@b97c004]" name="testGetGame" duration-ms="3" started-at="2017-03-10T22:05:28Z" data-provider="testCases_2" finished-at="2017-03-10T22:05:28Z">
          <params>
            <param index="0">
              <value>
                <![CDATA[Game1]]>
              </value>
            </param>
          </params>
          <reporter-output>
          </reporter-output>
        </test-method> <!-- testGetGame -->
        <test-method status="PASS" signature="testTeacherGames(int, java.lang.String)[pri:0, instance:GameTesting@b97c004]" name="testTeacherGames" duration-ms="2" started-at="2017-03-10T22:05:28Z" data-provider="testCases_1" finished-at="2017-03-10T22:05:28Z">
          <params>
            <param index="0">
              <value>
                <![CDATA[1]]>
              </value>
            </param>
            <param index="1">
              <value>
                <![CDATA[Game1234]]>
              </value>
            </param>
          </params>
          <reporter-output>
          </reporter-output>
        </test-method> <!-- testTeacherGames -->
        <test-method status="PASS" signature="testTeacherGames(int, java.lang.String)[pri:0, instance:GameTesting@b97c004]" name="testTeacherGames" duration-ms="3" started-at="2017-03-10T22:05:28Z" data-provider="testCases_1" finished-at="2017-03-10T22:05:28Z">
          <params>
            <param index="0">
              <value>
                <![CDATA[0]]>
              </value>
            </param>
            <param index="1">
              <value>
                <![CDATA[Game1]]>
              </value>
            </param>
          </params>
          <reporter-output>
          </reporter-output>
        </test-method> <!-- testTeacherGames -->
      </class> <!-- GameTesting -->
    </test> <!-- Default test -->
  </suite> <!-- Default suite -->
</testng-results>
